
Started Import Process
# System Details: 
Debug Mode 		: Desactivado
Operating System 	: WINNT
Software 		: Apache/2.4.58 (Win64) OpenSSL/3.1.3 PHP/8.1.25
MySQL version 		: 10.4.32
XML Reader 		: Sí
PHP Version 		: 8.1.25
PHP Max Input Vars 	: 1000
PHP Max Post Size 	: 40M
PHP Extension GD 	: No
PHP Max Execution Time 	: 120
Max Upload Size 	: 40 MB
Memory Limit 		: El límite de memoria actual es 40M. Recomendamos ajustar la memoria a por lo menos 64M.
Timezone 		: 0

-----

Importing Started! - 04:03:14 UTC
---

WHY IMPORT PROCESS CAN FAIL? READ THIS - 
https://wpastra.com/docs/?p=1314&utm_source=demo-import-panel&utm_campaign=import-error&utm_medium=wp-dashboard

---

Started Import Process
# System Details: 
Debug Mode 		: Desactivado
Operating System 	: WINNT
Software 		: Apache/2.4.58 (Win64) OpenSSL/3.1.3 PHP/8.1.25
MySQL version 		: 10.4.32
XML Reader 		: Sí
PHP Version 		: 8.1.25
PHP Max Input Vars 	: 1000
PHP Max Post Size 	: 40M
PHP Extension GD 	: No
PHP Max Execution Time 	: 120
Max Upload Size 	: 40 MB
Memory Limit 		: El límite de memoria actual es 40M. Recomendamos ajustar la memoria a por lo menos 64M.
Timezone 		: 0

-----

Importing Started! - 04:05:20 UTC
---

WHY IMPORT PROCESS CAN FAIL? READ THIS - 
https://wpastra.com/docs/?p=1314&utm_source=demo-import-panel&utm_campaign=import-error&utm_medium=wp-dashboard

---

Started Import Process
# System Details: 
Debug Mode 		: Desactivado
Operating System 	: WINNT
Software 		: Apache/2.4.58 (Win64) OpenSSL/3.1.3 PHP/8.1.25
MySQL version 		: 10.4.32
XML Reader 		: Sí
PHP Version 		: 8.1.25
PHP Max Input Vars 	: 1000
PHP Max Post Size 	: 40M
PHP Extension GD 	: No
PHP Max Execution Time 	: 120
Max Upload Size 	: 40 MB
Memory Limit 		: El límite de memoria actual es 40M. Recomendamos ajustar la memoria a por lo menos 64M.
Timezone 		: 0

-----

Importing Started! - 04:06:33 UTC
---

WHY IMPORT PROCESS CAN FAIL? READ THIS - 
https://wpastra.com/docs/?p=1314&utm_source=demo-import-panel&utm_campaign=import-error&utm_medium=wp-dashboard

---

Started Import Process
# System Details: 
Debug Mode 		: Desactivado
Operating System 	: WINNT
Software 		: Apache/2.4.58 (Win64) OpenSSL/3.1.3 PHP/8.1.25
MySQL version 		: 10.4.32
XML Reader 		: Sí
PHP Version 		: 8.1.25
PHP Max Input Vars 	: 1000
PHP Max Post Size 	: 40M
PHP Extension GD 	: No
PHP Max Execution Time 	: 120
Max Upload Size 	: 40 MB
Memory Limit 		: El límite de memoria actual es 40M. Recomendamos ajustar la memoria a por lo menos 64M.
Timezone 		: 0

-----

Importing Started! - 04:08:45 UTC
---

WHY IMPORT PROCESS CAN FAIL? READ THIS - 
https://wpastra.com/docs/?p=1314&utm_source=demo-import-panel&utm_campaign=import-error&utm_medium=wp-dashboard

---

Started Import Process
# System Details: 
Debug Mode 		: Desactivado
Operating System 	: WINNT
Software 		: Apache/2.4.58 (Win64) OpenSSL/3.1.3 PHP/8.1.25
MySQL version 		: 10.4.32
XML Reader 		: Sí
PHP Version 		: 8.1.25
PHP Max Input Vars 	: 1000
PHP Max Post Size 	: 40M
PHP Extension GD 	: No
PHP Max Execution Time 	: 120
Max Upload Size 	: 40 MB
Memory Limit 		: El límite de memoria actual es 40M. Recomendamos ajustar la memoria a por lo menos 64M.
Timezone 		: 0

-----

Importing Started! - 04:16:15 UTC
---

WHY IMPORT PROCESS CAN FAIL? READ THIS - 
https://wpastra.com/docs/?p=1314&utm_source=demo-import-panel&utm_campaign=import-error&utm_medium=wp-dashboard

---

Started Import Process
# System Details: 
Debug Mode 		: Desactivado
Operating System 	: WINNT
Software 		: Apache/2.4.58 (Win64) OpenSSL/3.1.3 PHP/8.1.25
MySQL version 		: 10.4.32
XML Reader 		: Sí
PHP Version 		: 8.1.25
PHP Max Input Vars 	: 1000
PHP Max Post Size 	: 40M
PHP Extension GD 	: No
PHP Max Execution Time 	: 120
Max Upload Size 	: 40 MB
Memory Limit 		: El límite de memoria actual es 40M. Recomendamos ajustar la memoria a por lo menos 64M.
Timezone 		: 0

-----

Importing Started! - 04:48:30 UTC
---

WHY IMPORT PROCESS CAN FAIL? READ THIS - 
https://wpastra.com/docs/?p=1314&utm_source=demo-import-panel&utm_campaign=import-error&utm_medium=wp-dashboard

---

Started Import Process
# System Details: 
Debug Mode 		: Desactivado
Operating System 	: WINNT
Software 		: Apache/2.4.58 (Win64) OpenSSL/3.1.3 PHP/8.1.25
MySQL version 		: 10.4.32
XML Reader 		: Sí
PHP Version 		: 8.1.25
PHP Max Input Vars 	: 1000
PHP Max Post Size 	: 40M
PHP Extension GD 	: No
PHP Max Execution Time 	: 120
Max Upload Size 	: 40 MB
Memory Limit 		: El límite de memoria actual es 40M. Recomendamos ajustar la memoria a por lo menos 64M.
Timezone 		: 0

-----

Importing Started! - 04:58:03 UTC
---

WHY IMPORT PROCESS CAN FAIL? READ THIS - 
https://wpastra.com/docs/?p=1314&utm_source=demo-import-panel&utm_campaign=import-error&utm_medium=wp-dashboard

---

Started Import Process
# System Details: 
Debug Mode 		: Desactivado
Operating System 	: WINNT
Software 		: Apache/2.4.58 (Win64) OpenSSL/3.1.3 PHP/8.1.25
MySQL version 		: 10.4.32
XML Reader 		: Sí
PHP Version 		: 8.1.25
PHP Max Input Vars 	: 1000
PHP Max Post Size 	: 40M
PHP Extension GD 	: No
PHP Max Execution Time 	: 120
Max Upload Size 	: 40 MB
Memory Limit 		: El límite de memoria actual es 40M. Recomendamos ajustar la memoria a por lo menos 64M.
Timezone 		: 0

-----

Importing Started! - 05:03:13 UTC
---

WHY IMPORT PROCESS CAN FAIL? READ THIS - 
https://wpastra.com/docs/?p=1314&utm_source=demo-import-panel&utm_campaign=import-error&utm_medium=wp-dashboard

---

Started Import Process
# System Details: 
Debug Mode 		: Desactivado
Operating System 	: WINNT
Software 		: Apache/2.4.58 (Win64) OpenSSL/3.1.3 PHP/8.1.25
MySQL version 		: 10.4.32
XML Reader 		: Sí
PHP Version 		: 8.1.25
PHP Max Input Vars 	: 1000
PHP Max Post Size 	: 40M
PHP Extension GD 	: No
PHP Max Execution Time 	: 120
Max Upload Size 	: 40 MB
Memory Limit 		: El límite de memoria actual es 40M. Recomendamos ajustar la memoria a por lo menos 64M.
Timezone 		: 0

-----

Importing Started! - 05:04:30 UTC
---

WHY IMPORT PROCESS CAN FAIL? READ THIS - 
https://wpastra.com/docs/?p=1314&utm_source=demo-import-panel&utm_campaign=import-error&utm_medium=wp-dashboard

---

Started Import Process
# System Details: 
Debug Mode 		: Desactivado
Operating System 	: WINNT
Software 		: Apache/2.4.58 (Win64) OpenSSL/3.1.3 PHP/8.1.25
MySQL version 		: 10.4.32
XML Reader 		: Sí
PHP Version 		: 8.1.25
PHP Max Input Vars 	: 1000
PHP Max Post Size 	: 40M
PHP Extension GD 	: No
PHP Max Execution Time 	: 120
Max Upload Size 	: 40 MB
Memory Limit 		: El límite de memoria actual es 40M. Recomendamos ajustar la memoria a por lo menos 64M.
Timezone 		: 0

-----

Importing Started! - 05:06:47 UTC
---

WHY IMPORT PROCESS CAN FAIL? READ THIS - 
https://wpastra.com/docs/?p=1314&utm_source=demo-import-panel&utm_campaign=import-error&utm_medium=wp-dashboard

---

Started Import Process
# System Details: 
Debug Mode 		: Desactivado
Operating System 	: WINNT
Software 		: Apache/2.4.58 (Win64) OpenSSL/3.1.3 PHP/8.1.25
MySQL version 		: 10.4.32
XML Reader 		: Sí
PHP Version 		: 8.1.25
PHP Max Input Vars 	: 1000
PHP Max Post Size 	: 40M
PHP Extension GD 	: No
PHP Max Execution Time 	: 120
Max Upload Size 	: 40 MB
Memory Limit 		: El límite de memoria actual es 40M. Recomendamos ajustar la memoria a por lo menos 64M.
Timezone 		: 0

-----

Importing Started! - 05:25:41 UTC
---

WHY IMPORT PROCESS CAN FAIL? READ THIS - 
https://wpastra.com/docs/?p=1314&utm_source=demo-import-panel&utm_campaign=import-error&utm_medium=wp-dashboard

---

{"post_title":"Response XML","post_mime_type":"application\/xml","post_content":"","post_status":"inherit"}
"C:\\xampp\\htdocs\\videogamestore\/wp-content\/uploads\/2025\/11\/wxr.xml"
20